<?xml version="1.0" encoding="UTF-8"?>
<!-- Generated by org.testng.reporters.JUnitReportReporter -->
<testsuite hostname="DESKTOP-8ELVUAA" failures="0" tests="1" name="handson.LoginTest" time="14.418" errors="0" timestamp="2022-10-02T20:31:38 IST" skipped="0">
  <testcase classname="handson.LoginTest" name="login" time="14.418"/>
  <system-out/>
</testsuite> <!-- handson.LoginTest -->
