<?xml version="1.0" encoding="UTF-8"?>
<!-- Generated by org.testng.reporters.JUnitReportReporter -->
<testsuite hostname="DESKTOP-8ELVUAA" failures="0" tests="1" name="handson.searchTest" time="12.940" errors="0" timestamp="2022-10-02T20:43:09 IST" skipped="0">
  <testcase classname="handson.searchTest" name="login" time="12.940"/>
  <system-out/>
</testsuite> <!-- handson.searchTest -->
