<?xml version="1.0" encoding="UTF-8"?>
<!-- Generated by org.testng.reporters.JUnitReportReporter -->
<testsuite hostname="DESKTOP-8ELVUAA" failures="0" tests="1" name="com.flipkart.test.FlipkartTests" time="27.477" errors="0" timestamp="2022-10-11T13:33:35 IST" skipped="0">
  <testcase classname="com.flipkart.test.FlipkartTests" name="chk" time="27.477"/>
  <system-out/>
</testsuite> <!-- com.flipkart.test.FlipkartTests -->
