<?xml version="1.0" encoding="UTF-8"?>
<!-- Generated by org.testng.reporters.JUnitReportReporter -->
<testsuite hostname="DESKTOP-8ELVUAA" failures="0" tests="1" name="handson.AddToCart" time="33.202" errors="0" timestamp="2022-10-02T22:02:04 IST" skipped="0">
  <testcase classname="handson.AddToCart" name="login" time="33.202"/>
  <system-out/>
</testsuite> <!-- handson.AddToCart -->
