<?xml version="1.0" encoding="UTF-8"?>
<!-- Generated by org.testng.reporters.JUnitReportReporter -->
<testsuite hostname="DESKTOP-8ELVUAA" failures="0" tests="1" name="com.flipkart.test.RefreshChk" time="14.866" errors="0" timestamp="2022-10-11T13:08:29 IST" skipped="0">
  <testcase classname="com.flipkart.test.RefreshChk" name="chkk" time="14.866"/>
  <system-out/>
</testsuite> <!-- com.flipkart.test.RefreshChk -->
